src/ephemeral.js(15,2): error TS2564: Property 'errors' has no initializer and is not definitely assigned in the constructor.
src/ephemeral.js(22,12): error TS7022: 'ephemeral' implicitly has type 'any' because it does not have a type annotation and is referenced directly or indirectly in its own initializer.
src/ephemeral.js(22,24): error TS7024: Function implicitly has return type 'any' because it does not have a return type annotation and is referenced directly or indirectly in one of its return expressions.
src/ephemeral.js(45,16): error TS2339: Property 'raw' does not exist on type '{}'.
src/ephemeral.js(47,13): error TS2339: Property 'raw' does not exist on type '{}'.
src/ephemeral.js(53,4): error TS7022: 'grammar' implicitly has type 'any' because it does not have a type annotation and is referenced directly or indirectly in its own initializer.
src/ephemeral.js(54,4): error TS7022: 'parent' implicitly has type 'any' because it does not have a type annotation and is referenced directly or indirectly in its own initializer.
src/ephemeral.js(57,28): error TS2339: Property 'scratch' does not exist on type '{}'.
src/ephemeral.js(57,66): error TS2339: Property 'scratch' does not exist on type '{}'.
src/ephemeral.js(61,17): error TS18048: 'parent.depth' is possibly 'undefined'.
src/ephemeral.js(66,23): error TS2339: Property 'raw' does not exist on type '{}'.
src/ephemeral.js(67,24): error TS2339: Property 'type' does not exist on type '{}'.
src/ephemeral.js(81,3): error TS2322: Type 'string' is not assignable to type 'void'.
src/ephemeral.js(91,3): error TS7008: Member 'children' implicitly has an 'any[]' type.
src/ephemeral.js(131,4): error TS7008: Member 'expansionErrors' implicitly has an 'any[]' type.
src/ephemeral.js(155,6): error TS7008: Member 'preactions' implicitly has an 'any[]' type.
src/ephemeral.js(156,6): error TS7008: Member 'postactions' implicitly has an 'any[]' type.
src/ephemeral.js(196,11): error TS7034: Variable 'modParams' implicitly has type 'any[]' in some locations where its type cannot be determined.
src/ephemeral.js(204,13): error TS2403: Subsequent variable declarations must have the same type.  Variable 'modParams' must be of type 'any[]', but here has type 'string[]'.
src/ephemeral.js(217,51): error TS7005: Variable 'modParams' implicitly has an 'any[]' type.
src/ephemeral.js(259,9): error TS7008: Member 'preactions' implicitly has an 'any[]' type.
src/ephemeral.js(260,9): error TS7008: Member 'postactions' implicitly has an 'any[]' type.
src/ephemeral.js(264,13): error TS2403: Subsequent variable declarations must have the same type.  Variable 'parsed' must be of type 'any', but here has type '{ symbol: undefined; modifiers: never[]; preactions: never[]; postactions: never[]; }'.
src/ephemeral.js(341,16): error TS2403: Subsequent variable declarations must have the same type.  Variable 'modParams' must be of type 'any[]', but here has type 'string[]'.
src/ephemeral.js(353,54): error TS7005: Variable 'modParams' implicitly has an 'any[]' type.
src/ephemeral.js(505,25): error TS2532: Object is possibly 'undefined'.
src/ephemeral.js(506,5): error TS7008: Member 'finishedRules' implicitly has an 'any[]' type.
src/ephemeral.js(507,5): error TS7008: Member 'ruleNodes' implicitly has an 'any[]' type.
src/ephemeral.js(514,8): error TS2554: Expected 1 arguments, but got 0.
src/ephemeral.js(565,41): error TS2358: The left-hand side of an 'instanceof' expression must be of type 'any', an object type or a type parameter.
src/ephemeral.js(581,12): error TS2339: Property 'conditionalRule' does not exist on type 'RuleSet'.
src/ephemeral.js(582,29): error TS2554: Expected 3 arguments, but got 2.
src/ephemeral.js(582,41): error TS2339: Property 'conditionalRule' does not exist on type 'RuleSet'.
src/ephemeral.js(584,13): error TS2339: Property 'conditionalValues' does not exist on type 'RuleSet'.
src/ephemeral.js(585,18): error TS2339: Property 'conditionalValues' does not exist on type 'RuleSet'.
src/ephemeral.js(593,12): error TS2339: Property 'ranking' does not exist on type 'RuleSet'.
src/ephemeral.js(594,29): error TS2339: Property 'ranking' does not exist on type 'RuleSet'.
src/ephemeral.js(595,18): error TS2339: Property 'ranking' does not exist on type 'RuleSet'.
src/ephemeral.js(608,28): error TS2339: Property 'distribution' does not exist on type 'RuleSet'.
src/ephemeral.js(610,33): error TS2339: Property 'distribution' does not exist on type 'Grammar'.
src/ephemeral.js(618,37): error TS2345: Argument of type 'unknown[]' is not assignable to parameter of type '[]'.
  Target allows only 0 element(s) but source may have more.
src/ephemeral.js(618,55): error TS2345: Argument of type '{ length: number; }' is not assignable to parameter of type 'unknown[]'.
  Type '{ length: number; }' is missing the following properties from type 'unknown[]': pop, push, concat, join, and 27 more.
src/ephemeral.js(640,5): error TS7008: Member 'defaultUses' implicitly has an 'any[]' type.
src/ephemeral.js(657,4): error TS7008: Member 'defaultUses' implicitly has an 'any[]' type.
src/ephemeral.js(677,4): error TS2322: Type 'number' is not assignable to type 'never'.
src/ephemeral.js(714,3): error TS7008: Member 'uses' implicitly has an 'any[]' type.
src/ephemeral.js(725,3): error TS2532: Object is possibly 'undefined'.
src/ephemeral.js(733,3): error TS2532: Object is possibly 'undefined'.
src/ephemeral.js(743,3): error TS2532: Object is possibly 'undefined'.
src/ephemeral.js(747,7): error TS2532: Object is possibly 'undefined'.
src/ephemeral.js(752,10): error TS2532: Object is possibly 'undefined'.
src/ephemeral.js(752,21): error TS2532: Object is possibly 'undefined'.
src/ephemeral.js(752,44): error TS2554: Expected 1 arguments, but got 0.
src/ephemeral.js(760,7): error TS2532: Object is possibly 'undefined'.
src/ephemeral.js(763,10): error TS2532: Object is possibly 'undefined'.
src/ephemeral.js(763,21): error TS2532: Object is possibly 'undefined'.
src/ephemeral.js(763,44): error TS2554: Expected 1 arguments, but got 0.
src/ephemeral.js(777,13): error TS2304: Cannot find name 'ord'.
src/ephemeral.js(793,26): error TS2769: No overload matches this call.
  Overload 1 of 2, '(o: {}): string[]', gave the following error.
    Argument of type '{} | undefined' is not assignable to parameter of type '{}'.
      Type 'undefined' is not assignable to type '{}'.
  Overload 2 of 2, '(o: object): string[]', gave the following error.
    Argument of type '{} | undefined' is not assignable to parameter of type 'object'.
      Type 'undefined' is not assignable to type 'object'.
src/ephemeral.js(795,4): error TS2532: Object is possibly 'undefined'.
src/ephemeral.js(795,4): error TS7053: Element implicitly has an 'any' type because expression of type 'string' can't be used to index type '{}'.
  No index signature with a parameter of type 'string' was found on type '{}'.
src/ephemeral.js(809,5): error TS7053: Element implicitly has an 'any' type because expression of type 'string' can't be used to index type '{}'.
  No index signature with a parameter of type 'string' was found on type '{}'.
src/ephemeral.js(825,5): error TS7053: Element implicitly has an 'any' type because expression of type 'string' can't be used to index type '{}'.
  No index signature with a parameter of type 'string' was found on type '{}'.
src/ephemeral.js(842,3): error TS7008: Member 'subgrammars' implicitly has an 'any[]' type.
src/ephemeral.js(848,6): error TS7053: Element implicitly has an 'any' type because expression of type 'string' can't be used to index type '{}'.
  No index signature with a parameter of type 'string' was found on type '{}'.
src/ephemeral.js(887,6): error TS7053: Element implicitly has an 'any' type because expression of type 'string' can't be used to index type '{}'.
  No index signature with a parameter of type 'string' was found on type '{}'.
src/ephemeral.js(907,5): error TS7053: Element implicitly has an 'any' type because expression of type 'string' can't be used to index type '{}'.
  No index signature with a parameter of type 'string' was found on type '{}'.
src/ephemeral.js(922,3): error TS7008: Member 'subgrammars' implicitly has an 'any[]' type.
src/ephemeral.js(928,6): error TS7053: Element implicitly has an 'any' type because expression of type 'string' can't be used to index type '{}'.
  No index signature with a parameter of type 'string' was found on type '{}'.
src/ephemeral.js(943,32): error TS2345: Argument of type 'this' is not assignable to parameter of type 'EphemeralNode'.
  Type 'Grammar' is missing the following properties from type 'EphemeralNode': errors, grammar, parent, depth, and 15 more.
src/ephemeral.js(961,8): error TS2554: Expected 1 arguments, but got 0.
src/ephemeral.js(986,26): error TS2769: No overload matches this call.
  Overload 1 of 2, '(o: {}): string[]', gave the following error.
    Argument of type '{} | undefined' is not assignable to parameter of type '{}'.
      Type 'undefined' is not assignable to type '{}'.
  Overload 2 of 2, '(o: object): string[]', gave the following error.
    Argument of type '{} | undefined' is not assignable to parameter of type 'object'.
      Type 'undefined' is not assignable to type 'object'.
src/ephemeral.js(990,42): error TS2532: Object is possibly 'undefined'.
src/ephemeral.js(990,42): error TS7053: Element implicitly has an 'any' type because expression of type 'string' can't be used to index type '{}'.
  No index signature with a parameter of type 'string' was found on type '{}'.
src/ephemeral.js(1004,7): error TS2532: Object is possibly 'undefined'.
src/ephemeral.js(1004,7): error TS7053: Element implicitly has an 'any' type because expression of type 'string' can't be used to index type '{}'.
  No index signature with a parameter of type 'string' was found on type '{}'.
src/ephemeral.js(1005,4): error TS2532: Object is possibly 'undefined'.
src/ephemeral.js(1005,4): error TS7053: Element implicitly has an 'any' type because expression of type 'string' can't be used to index type '{}'.
  No index signature with a parameter of type 'string' was found on type '{}'.
src/ephemeral.js(1007,5): error TS2532: Object is possibly 'undefined'.
src/ephemeral.js(1007,5): error TS7053: Element implicitly has an 'any' type because expression of type 'string' can't be used to index type '{}'.
  No index signature with a parameter of type 'string' was found on type '{}'.
src/ephemeral.js(1009,4): error TS2532: Object is possibly 'undefined'.
src/ephemeral.js(1009,4): error TS7053: Element implicitly has an 'any' type because expression of type 'string' can't be used to index type '{}'.
  No index signature with a parameter of type 'string' was found on type '{}'.
src/ephemeral.js(1019,8): error TS2532: Object is possibly 'undefined'.
src/ephemeral.js(1019,8): error TS7053: Element implicitly has an 'any' type because expression of type 'string' can't be used to index type '{}'.
  No index signature with a parameter of type 'string' was found on type '{}'.
src/ephemeral.js(1020,9): error TS2339: Property 'errors' does not exist on type 'Grammar'.
src/ephemeral.js(1021,3): error TS2532: Object is possibly 'undefined'.
src/ephemeral.js(1021,3): error TS7053: Element implicitly has an 'any' type because expression of type 'string' can't be used to index type '{}'.
  No index signature with a parameter of type 'string' was found on type '{}'.
src/ephemeral.js(1032,7): error TS2532: Object is possibly 'undefined'.
src/ephemeral.js(1032,7): error TS7053: Element implicitly has an 'any' type because expression of type 'string' can't be used to index type '{}'.
  No index signature with a parameter of type 'string' was found on type '{}'.
src/ephemeral.js(1033,15): error TS2532: Object is possibly 'undefined'.
src/ephemeral.js(1033,15): error TS7053: Element implicitly has an 'any' type because expression of type 'string' can't be used to index type '{}'.
  No index signature with a parameter of type 'string' was found on type '{}'.
src/ephemeral.js(1039,23): error TS2532: Object is possibly 'undefined'.
src/ephemeral.js(1041,8): error TS2532: Object is possibly 'undefined'.
src/ephemeral.js(1042,12): error TS2532: Object is possibly 'undefined'.
src/ephemeral.js(1089,29): error TS2345: Argument of type 'any' is not assignable to parameter of type 'never'.
src/ephemeral.js(1106,16): error TS2314: Generic type 'ArrayWithErrors<T>' requires 1 type argument(s).
src/ephemeral.js(1112,8): error TS7034: Variable 'sections' implicitly has type 'any[]' in some locations where its type cannot be determined.
src/ephemeral.js(1115,8): error TS7034: Variable 'errors' implicitly has type 'any[]' in some locations where its type cannot be determined.
src/ephemeral.js(1119,8): error TS7034: Variable 'lastEscapedChar' implicitly has type 'any' in some locations where its type cannot be determined.
src/ephemeral.js(1123,5): error TS7005: Variable 'sections' implicitly has an 'any[]' type.
src/ephemeral.js(1123,14): error TS2339: Property 'errors' does not exist on type 'any[]'.
src/ephemeral.js(1123,23): error TS7005: Variable 'errors' implicitly has an 'any[]' type.
src/ephemeral.js(1125,5): error TS2741: Property 'errors' is missing in type 'any[]' but required in type 'ArrayWithErrors<any>'.
src/ephemeral.js(1125,12): error TS7005: Variable 'sections' implicitly has an 'any[]' type.
src/ephemeral.js(1128,27): error TS7006: Parameter 'start' implicitly has an 'any' type.
src/ephemeral.js(1128,34): error TS7006: Parameter 'end' implicitly has an 'any' type.
src/ephemeral.js(1128,39): error TS7006: Parameter 'type' implicitly has an 'any' type.
src/ephemeral.js(1137,9): error TS7005: Variable 'lastEscapedChar' implicitly has an 'any' type.
src/ephemeral.js(1138,47): error TS18047: 'rule' is possibly 'null'.
src/ephemeral.js(1138,62): error TS7005: Variable 'lastEscapedChar' implicitly has an 'any' type.
src/ephemeral.js(1141,21): error TS18047: 'rule' is possibly 'null'.
src/ephemeral.js(1238,15): error TS7005: Variable 'sections' implicitly has an 'any[]' type.
src/ephemeral.js(1243,13): error TS2339: Property 'errors' does not exist on type 'any[]'.
src/ephemeral.js(1244,4): error TS2322: Type 'any[]' is not assignable to type 'ArrayWithErrors<any>'.
src/modifiers.js(31,20): error TS8024: JSDoc '@param' tag has name 'c', but there is no parameter with that name.
src/modifiers.js(34,23): error TS7006: Parameter 's' implicitly has an 'any' type.
src/modifiers.js(131,28): error TS2554: Expected 1 arguments, but got 0.
src/utils.js(21,5): error TS7053: Element implicitly has an 'any' type because expression of type 'string' can't be used to index type '{}'.
  No index signature with a parameter of type 'string' was found on type '{}'.
src/utils.js(30,4): error TS7053: Element implicitly has an 'any' type because expression of type 'string' can't be used to index type '{}'.
  No index signature with a parameter of type 'string' was found on type '{}'.
